2026-07-02 11:26:37,308 | INFO | QuantumCancerAI | Quantum Cancer AI logger initialized.
2026-07-02 11:26:37,308 | WARNING | QuantumCancerAI | This is a warning.
2026-07-02 11:26:37,308 | ERROR | QuantumCancerAI | This is an error.
2026-07-02 11:39:15,899 | WARNING | QuantumCancerAI | Validation error on /api/predict: [{'type': 'list_type', 'loc': ('body', 'genes'), 'msg': 'Input should be a valid list', 'input': 123}]
2026-07-02 13:55:44,344 | INFO | QuantumCancerAI | [24e4dfc6-a19e-46d1-bcb1-1dd2233633f4] GET /docs -> 200 (0.38 ms)
2026-07-02 13:55:44,400 | INFO | QuantumCancerAI | [3262be59-9988-4a77-9387-7954bcf587e5] GET /openapi.json -> 200 (3.75 ms)
2026-07-02 13:56:17,834 | INFO | QuantumCancerAI | [d5720ac1-e815-4c12-b6ce-33ccfeefbd8b] POST /api/predict -> 200 (20912.79 ms)
2026-07-02 13:58:23,030 | INFO | QuantumCancerAI | [3d5ee1ed-b801-442f-a1b2-a696b8211f4f] GET /docs -> 200 (0.45 ms)
2026-07-02 13:58:23,067 | INFO | QuantumCancerAI | [6ac04659-5e4c-49ba-9cde-a9d35fc6e5d0] GET /openapi.json -> 200 (2.52 ms)
2026-07-02 13:58:56,683 | INFO | QuantumCancerAI | [a369052a-f5aa-42f0-8419-ce28b1d0d1c1] POST /api/predict -> 200 (21107.40 ms)
2026-07-02 14:04:03,825 | INFO | QuantumCancerAI | [36716ed6-137d-470c-b49a-bc8acb5a5b39] GET /docs -> 200 (1.74 ms)
2026-07-02 14:04:03,903 | INFO | QuantumCancerAI | [e6b5397c-ab16-4b08-a442-c427051bb398] GET /openapi.json -> 200 (3.32 ms)
2026-07-02 14:04:37,380 | INFO | QuantumCancerAI | [bc9bc21a-6f99-4ed7-8e27-cda19ca4cbda] POST /api/predict -> 200 (22172.40 ms)
2026-07-02 14:18:31,887 | INFO | QuantumCancerAI | [fd664140-24e9-405b-b488-aa7d56e5f589] GET /docs -> 200 (2.18 ms)
2026-07-02 14:18:31,973 | INFO | QuantumCancerAI | [6abdccde-64bb-47d8-8ca4-0774c8362956] GET /openapi.json -> 200 (3.63 ms)
2026-07-02 14:18:42,244 | INFO | QuantumCancerAI | [8ae24b1e-4001-48cc-b925-f03ee6dbf9a0] GET /api/models -> 200 (1.37 ms)
2026-07-02 14:21:37,338 | INFO | QuantumCancerAI | [8d695a80-edb3-47c1-9797-7bbdecfb9369] GET /docs -> 200 (0.55 ms)
2026-07-02 14:21:37,397 | INFO | QuantumCancerAI | [803d6ed0-cdb0-4bae-a792-2b86fd4cf943] GET /openapi.json -> 200 (3.59 ms)
2026-07-02 14:21:43,460 | INFO | QuantumCancerAI | [55b7f460-3d3b-4f45-80f8-e64cc792fa73] GET /api/models -> 200 (1.65 ms)
2026-07-03 14:59:14,249 | INFO | QuantumCancerAI | [f110393d-1601-469d-81b7-a1861010bc3b] POST /api/predict -> 200 (2751.43 ms)
2026-07-03 15:02:29,686 | INFO | QuantumCancerAI | [0629525d-da4a-47f4-a9de-696b93eae2ff] POST /api/predict -> 200 (4163.36 ms)
2026-07-03 15:13:35,325 | INFO | QuantumCancerAI | [36b511d2-5e70-4cdb-986c-17747ca3e0b1] POST /api/predict -> 200 (2997.72 ms)
2026-07-03 15:25:43,971 | INFO | QuantumCancerAI | [247258a7-d4e5-49e8-9783-ade7fd720d5c] OPTIONS /api/predict -> 200 (0.24 ms)
2026-07-03 15:25:47,220 | INFO | QuantumCancerAI | [56692f85-876e-4c16-81e3-80513cda311e] POST /api/predict -> 200 (3248.02 ms)
2026-07-03 15:49:26,083 | INFO | QuantumCancerAI | [2fe58937-403d-44f5-acd4-252db0a55af5] OPTIONS /api/predict -> 200 (0.63 ms)
2026-07-03 15:49:29,652 | INFO | QuantumCancerAI | [6406d2ac-3070-43ef-9147-259e15d5ed20] POST /api/predict -> 200 (3565.45 ms)
2026-07-03 16:15:14,343 | INFO | QuantumCancerAI | [950c354a-7bdc-4991-a657-3d4d863f1f92] OPTIONS /api/predict -> 200 (0.58 ms)
2026-07-03 16:15:17,497 | INFO | QuantumCancerAI | [53111355-585c-4769-8853-bf4e20f30a05] POST /api/predict -> 200 (3151.07 ms)
2026-07-03 16:38:52,543 | INFO | QuantumCancerAI | [4e7299dd-713b-41bc-ae4b-8dfdf79ea4e2] OPTIONS /api/predict -> 200 (0.45 ms)
2026-07-03 16:38:57,617 | INFO | QuantumCancerAI | [b8e32165-b19f-4888-bf09-abf9ad984c7d] POST /api/predict -> 200 (5070.86 ms)
2026-07-03 16:49:09,765 | INFO | QuantumCancerAI | [e97c2412-4e64-44b1-82cb-4935f6cb18cb] OPTIONS /api/predict -> 200 (0.53 ms)
2026-07-03 16:49:14,015 | INFO | QuantumCancerAI | [d64972e1-f176-41ca-9f93-7712b10fa6d8] POST /api/predict -> 200 (4245.77 ms)
2026-07-03 16:57:04,802 | INFO | QuantumCancerAI | [df9baeb1-4bef-4399-b405-43f51559ac31] POST /api/predict -> 200 (3137.19 ms)
2026-07-03 17:08:08,810 | INFO | QuantumCancerAI | [2df82c7a-c6d2-4219-97e4-7149fa7e1301] OPTIONS /api/predict -> 200 (0.57 ms)
2026-07-03 17:08:09,917 | INFO | QuantumCancerAI | [d9cf93cb-309e-4986-99a2-10862724ce57] POST /api/predict -> 200 (1103.20 ms)
2026-07-03 17:08:25,578 | INFO | QuantumCancerAI | [2f3e325b-ba3e-421f-9439-9a2799dca21a] POST /api/predict -> 200 (3406.21 ms)
2026-07-03 17:14:47,864 | INFO | QuantumCancerAI | [3ea411a2-142a-4ef7-a211-42f08ce436a3] POST /api/predict -> 200 (3373.18 ms)
2026-07-03 17:19:34,914 | INFO | QuantumCancerAI | [5558fff2-49fc-457b-be24-4a28b9b98a59] OPTIONS /api/predict -> 200 (0.58 ms)
2026-07-03 17:19:37,874 | INFO | QuantumCancerAI | [ddc977de-257a-4aa6-88f2-656748b4afe4] POST /api/predict -> 200 (2957.28 ms)
2026-07-03 17:21:19,225 | INFO | QuantumCancerAI | [4234f5c9-10ce-4d2f-8ddc-8f50a0b6927c] POST /api/predict -> 200 (3715.16 ms)
2026-07-04 10:28:16,623 | INFO | QuantumCancerAI | [f8ee3a24-597d-46a8-8541-0ed535536cc0] OPTIONS /api/predict -> 200 (0.24 ms)
2026-07-04 10:40:04,222 | INFO | QuantumCancerAI | [c6b17ea1-dd0e-4974-bced-50cfeac5ecd2] OPTIONS /api/predict -> 200 (0.60 ms)
2026-07-04 10:40:08,916 | INFO | QuantumCancerAI | [e8ef4a24-5bf9-4a9f-945e-c26a0e902f8f] POST /api/predict -> 200 (4693.16 ms)
2026-07-04 10:47:13,762 | INFO | QuantumCancerAI | [62083219-5a75-4743-970b-ca570ccbcabd] POST /api/predict -> 200 (3134.07 ms)
2026-07-04 11:35:17,744 | INFO | QuantumCancerAI | [3dd9a5fc-44bb-4c12-8a9c-a09efada2056] OPTIONS /api/predict -> 200 (0.16 ms)
2026-07-04 11:35:21,252 | INFO | QuantumCancerAI | [cca6880e-47ce-41a8-ab2b-227a57cb2d43] POST /api/predict -> 200 (3506.27 ms)
2026-07-04 11:49:20,075 | INFO | QuantumCancerAI | [98e8ab84-db21-4cd0-b851-9d7b68fa1356] OPTIONS /api/predict -> 200 (0.64 ms)
2026-07-04 11:49:22,983 | INFO | QuantumCancerAI | [a81f6e0b-89e8-45d2-8092-5511474def6a] POST /api/predict -> 200 (2905.07 ms)
2026-07-04 11:49:49,745 | INFO | QuantumCancerAI | [98099583-a089-4807-8e2e-e0462e11ad04] POST /api/predict -> 200 (2657.54 ms)
2026-07-04 12:12:30,991 | INFO | QuantumCancerAI | [f8d8e7b6-1f05-4349-bf57-38d45e42d6ad] OPTIONS /api/predict -> 200 (0.54 ms)
2026-07-04 12:12:34,344 | INFO | QuantumCancerAI | [9dfd7a50-b464-422d-9504-d83bcb9c42b6] POST /api/predict -> 200 (3350.31 ms)
2026-07-04 12:13:02,315 | INFO | QuantumCancerAI | [212c975e-f9aa-41e7-a7d8-10c7af7d1f92] POST /api/predict -> 200 (2936.56 ms)
2026-07-04 12:19:41,447 | INFO | QuantumCancerAI | [c009cbc3-aeeb-4963-8262-e95c3030e2fa] POST /api/predict -> 200 (3844.86 ms)
2026-07-04 12:27:51,125 | INFO | QuantumCancerAI | [44b5fe63-ece8-46b9-a585-1e2c9419f429] OPTIONS /api/predict -> 200 (0.35 ms)
2026-07-04 12:27:54,190 | INFO | QuantumCancerAI | [d4a221d2-e550-4a1c-b69c-5c6832d8357a] POST /api/predict -> 200 (3062.96 ms)
2026-07-04 12:37:04,055 | INFO | QuantumCancerAI | [dc03150c-6018-4a98-9a60-0ba9cf03a49e] POST /api/predict -> 200 (3122.54 ms)
2026-07-04 12:37:11,770 | INFO | QuantumCancerAI | [e6ccc812-0063-475d-b383-c0859217a76d] POST /api/predict -> 200 (2730.14 ms)
2026-07-04 12:52:51,035 | INFO | QuantumCancerAI | [4ccaffaf-2ab9-4b4e-aef9-115353bd7db6] OPTIONS /api/predict -> 200 (0.59 ms)
2026-07-04 12:52:54,100 | INFO | QuantumCancerAI | [3e9f9757-8d08-45c5-ace1-89c5ff2e1c49] POST /api/predict -> 200 (3061.24 ms)
2026-07-04 12:55:52,013 | INFO | QuantumCancerAI | [f9b380c8-6f3a-43a2-baf7-87d1be6e7044] POST /api/predict -> 200 (3682.25 ms)
2026-07-04 13:21:10,546 | INFO | QuantumCancerAI | [d891102c-4a17-469f-9be5-22ecfde4faea] OPTIONS /api/predict -> 200 (0.59 ms)
2026-07-04 13:21:13,641 | INFO | QuantumCancerAI | [810159b7-d9e6-4f18-b129-3fb1faaae4d1] POST /api/predict -> 200 (3090.24 ms)
2026-07-04 13:25:48,222 | INFO | QuantumCancerAI | [58df8b41-ccbd-48a2-bb78-ae19899970a5] POST /api/predict -> 200 (3067.65 ms)
2026-07-04 13:42:54,171 | INFO | QuantumCancerAI | [3cb33e29-363d-410b-a03c-df81b6438e6d] OPTIONS /api/predict -> 200 (0.59 ms)
2026-07-04 13:42:57,250 | INFO | QuantumCancerAI | [5f0458da-7192-4690-b316-36b47c2b5fa8] POST /api/predict -> 200 (3075.76 ms)
2026-07-04 13:44:04,817 | INFO | QuantumCancerAI | [a865be0b-c0bb-4fcd-a514-d78fd82bb494] POST /api/predict -> 200 (1150.66 ms)
2026-07-04 13:44:43,639 | INFO | QuantumCancerAI | [6c483cb4-0540-4f1f-9ef0-eabbaac2b71b] POST /api/predict -> 200 (4182.22 ms)
2026-07-04 13:45:46,790 | INFO | QuantumCancerAI | [1ecf3688-04a9-4989-9954-c0d79d947bea] POST /api/predict -> 200 (3105.59 ms)
2026-07-04 13:46:52,351 | INFO | QuantumCancerAI | [869f7a92-2144-4c14-b277-f67a318a68fa] POST /api/predict -> 200 (4496.93 ms)
2026-07-04 14:51:23,493 | INFO | QuantumCancerAI | [f005de47-3c30-4669-88f7-4ec696d71ce7] OPTIONS /api/predict -> 200 (0.57 ms)
2026-07-04 14:51:26,759 | INFO | QuantumCancerAI | [0feb9edd-67eb-44a5-bcd4-3a99827fb1d1] POST /api/predict -> 200 (3261.61 ms)
2026-07-04 15:45:35,248 | INFO | QuantumCancerAI | [934c7bd7-f9f4-49bb-845f-2fedad283668] OPTIONS /api/predict -> 200 (0.75 ms)
2026-07-04 15:45:38,380 | INFO | QuantumCancerAI | [69c66243-71ec-4933-9dc3-146def078ca7] POST /api/predict -> 200 (3128.73 ms)
2026-07-04 15:46:19,511 | INFO | QuantumCancerAI | [3e91bdf4-2765-4f14-b73d-48529addd95c] POST /api/predict -> 200 (3133.96 ms)
2026-07-05 10:29:34,991 | INFO | QuantumCancerAI | [7847e3ac-1356-4bc6-9106-22178f51ad41] OPTIONS /api/predict -> 200 (0.61 ms)
2026-07-05 10:29:38,203 | INFO | QuantumCancerAI | [95259c7b-0d63-4bdf-bb96-b0e257436a26] POST /api/predict -> 200 (3208.18 ms)
2026-07-05 11:39:16,726 | INFO | QuantumCancerAI | [bc528c1b-bad5-4411-9b8b-578a4d11f75e] OPTIONS /api/predict -> 200 (0.59 ms)
2026-07-05 11:39:20,685 | INFO | QuantumCancerAI | [de09a630-611e-4bab-995b-4b496b164dab] POST /api/predict -> 200 (3956.41 ms)
